# JRE version: Java(TM) SE Runtime Environment (8.0_311-b11) (build 1.8.0_311-b11)
# Java VM: Java HotSpot(TM) 64-Bit Server VM (25.311-b11 mixed mode windows-amd64 compressed oops)
Heap:
 PSYoungGen      total 20992K, used 0K [0x00000000f5580000, 0x00000000f7680000, 0x0000000100000000)
  eden space 12800K, 0% used [0x00000000f5580000,0x00000000f5580000,0x00000000f6200000)
  from space 8192K, 0% used [0x00000000f6b80000,0x00000000f6b80000,0x00000000f7380000)
  to   space 9728K, 0% used [0x00000000f6200000,0x00000000f6200000,0x00000000f6b80000)
 ParOldGen       total 19456K, used 11078K [0x00000000e0000000, 0x00000000f5580000, 0x00000000f5580000)
  object space 19456K, 56% used [0x00000000e0000000,0x00000000e0ad19f8,0x00000000e1300000)
 Metaspace       used 25962K, capacity 27648K, committed 27808K, reserved 1081344K
  class space    used 3447K, capacity 3760K, committed 3840K, reserved 1048576K
GC Heap History (10 events):
Event: 4.374 GC heap after
Heap after GC invocations=45 (full 15):
 PSYoungGen      total 19456K, used 4137K [0x00000000f5580000, 0x00000000f6f00000, 0x0000000100000000)
  eden space 14336K, 0% used [0x00000000f5580000,0x00000000f5580000,0x00000000f6380000)
  from space 5120K, 80% used [0x00000000f6900000,0x00000000f6d0a578,0x00000000f6e00000)
  to   space 5632K, 0% used [0x00000000f6380000,0x00000000f6380000,0x00000000f6900000)
 ParOldGen       total 19456K, used 3351K [0x00000000e0000000, 0x00000000e1300000, 0x00000000f5580000)
  object space 19456K, 17% used [0x00000000e0000000,0x00000000e0345e30,0x00000000e1300000)
 Metaspace       used 20311K, capacity 21344K, committed 21632K, reserved 1075200K
  class space    used 2668K, capacity 2907K, committed 2944K, reserved 1048576K
}
Event: 4.637 GC heap before
{Heap before GC invocations=46 (full 15):
 PSYoungGen      total 19456K, used 18473K [0x00000000f5580000, 0x00000000f6f00000, 0x0000000100000000)
  eden space 14336K, 100% used [0x00000000f5580000,0x00000000f6380000,0x00000000f6380000)
  from space 5120K, 80% used [0x00000000f6900000,0x00000000f6d0a578,0x00000000f6e00000)
  to   space 5632K, 0% used [0x00000000f6380000,0x00000000f6380000,0x00000000f6900000)
 ParOldGen       total 19456K, used 3351K [0x00000000e0000000, 0x00000000e1300000, 0x00000000f5580000)
  object space 19456K, 17% used [0x00000000e0000000,0x00000000e0345e30,0x00000000e1300000)
 Metaspace       used 21077K, capacity 22152K, committed 22272K, reserved 1075200K
  class space    used 2793K, capacity 3015K, committed 3072K, reserved 1048576K
Event: 4.643 GC heap after
Heap after GC invocations=46 (full 15):
 PSYoungGen      total 19968K, used 4331K [0x00000000f5580000, 0x00000000f7000000, 0x0000000100000000)
  eden space 14336K, 0% used [0x00000000f5580000,0x00000000f5580000,0x00000000f6380000)
  from space 5632K, 76% used [0x00000000f6380000,0x00000000f67bad30,0x00000000f6900000)
  to   space 6144K, 0% used [0x00000000f6a00000,0x00000000f6a00000,0x00000000f7000000)
 ParOldGen       total 19456K, used 3359K [0x00000000e0000000, 0x00000000e1300000, 0x00000000f5580000)
  object space 19456K, 17% used [0x00000000e0000000,0x00000000e0347e30,0x00000000e1300000)
 Metaspace       used 21077K, capacity 22152K, committed 22272K, reserved 1075200K
  class space    used 2793K, capacity 3015K, committed 3072K, reserved 1048576K
}
Event: 5.036 GC heap before
{Heap before GC invocations=47 (full 15):
 PSYoungGen      total 19968K, used 18667K [0x00000000f5580000, 0x00000000f7000000, 0x0000000100000000)
  eden space 14336K, 100% used [0x00000000f5580000,0x00000000f6380000,0x00000000f6380000)
  from space 5632K, 76% used [0x00000000f6380000,0x00000000f67bad30,0x00000000f6900000)
  to   space 6144K, 0% used [0x00000000f6a00000,0x00000000f6a00000,0x00000000f7000000)
 ParOldGen       total 19456K, used 3359K [0x00000000e0000000, 0x00000000e1300000, 0x00000000f5580000)
  object space 19456K, 17% used [0x00000000e0000000,0x00000000e0347e30,0x00000000e1300000)
 Metaspace       used 22464K, capacity 23744K, committed 23808K, reserved 1077248K
  class space    used 2998K, capacity 3268K, committed 3328K, reserved 1048576K
Event: 5.047 GC heap after
Heap after GC invocations=47 (full 15):
 PSYoungGen      total 19968K, used 5078K [0x00000000f5580000, 0x00000000f7200000, 0x0000000100000000)
  eden space 13824K, 0% used [0x00000000f5580000,0x00000000f5580000,0x00000000f6300000)
  from space 6144K, 82% used [0x00000000f6a00000,0x00000000f6ef5800,0x00000000f7000000)
  to   space 7168K, 0% used [0x00000000f6300000,0x00000000f6300000,0x00000000f6a00000)
 ParOldGen       total 19456K, used 3367K [0x00000000e0000000, 0x00000000e1300000, 0x00000000f5580000)
  object space 19456K, 17% used [0x00000000e0000000,0x00000000e0349e30,0x00000000e1300000)
 Metaspace       used 22464K, capacity 23744K, committed 23808K, reserved 1077248K
  class space    used 2998K, capacity 3268K, committed 3328K, reserved 1048576K
}
Event: 5.478 GC heap before
{Heap before GC invocations=48 (full 15):
 PSYoungGen      total 19968K, used 18902K [0x00000000f5580000, 0x00000000f7200000, 0x0000000100000000)
  eden space 13824K, 100% used [0x00000000f5580000,0x00000000f6300000,0x00000000f6300000)
  from space 6144K, 82% used [0x00000000f6a00000,0x00000000f6ef5800,0x00000000f7000000)
  to   space 7168K, 0% used [0x00000000f6300000,0x00000000f6300000,0x00000000f6a00000)
 ParOldGen       total 19456K, used 3367K [0x00000000e0000000, 0x00000000e1300000, 0x00000000f5580000)
  object space 19456K, 17% used [0x00000000e0000000,0x00000000e0349e30,0x00000000e1300000)
 Metaspace       used 24015K, capacity 25768K, committed 25856K, reserved 1079296K
  class space    used 3243K, capacity 3564K, committed 3584K, reserved 1048576K
Event: 5.488 GC heap after
Heap after GC invocations=48 (full 15):
 PSYoungGen      total 20992K, used 6297K [0x00000000f5580000, 0x00000000f7380000, 0x0000000100000000)
  eden space 13824K, 0% used [0x00000000f5580000,0x00000000f5580000,0x00000000f6300000)
  from space 7168K, 87% used [0x00000000f6300000,0x00000000f6926448,0x00000000f6a00000)
  to   space 8192K, 0% used [0x00000000f6b80000,0x00000000f6b80000,0x00000000f7380000)
 ParOldGen       total 19456K, used 3375K [0x00000000e0000000, 0x00000000e1300000, 0x00000000f5580000)
  object space 19456K, 17% used [0x00000000e0000000,0x00000000e034be30,0x00000000e1300000)
 Metaspace       used 24015K, capacity 25768K, committed 25856K, reserved 1079296K
  class space    used 3243K, capacity 3564K, committed 3584K, reserved 1048576K
}
Event: 5.866 GC heap before
{Heap before GC invocations=49 (full 15):
 PSYoungGen      total 20992K, used 18424K [0x00000000f5580000, 0x00000000f7380000, 0x0000000100000000)
  eden space 13824K, 87% used [0x00000000f5580000,0x00000000f6157e00,0x00000000f6300000)
  from space 7168K, 87% used [0x00000000f6300000,0x00000000f6926448,0x00000000f6a00000)
  to   space 8192K, 0% used [0x00000000f6b80000,0x00000000f6b80000,0x00000000f7380000)
 ParOldGen       total 19456K, used 3375K [0x00000000e0000000, 0x00000000e1300000, 0x00000000f5580000)
  object space 19456K, 17% used [0x00000000e0000000,0x00000000e034be30,0x00000000e1300000)
 Metaspace       used 25962K, capacity 27648K, committed 27808K, reserved 1081344K
  class space    used 3447K, capacity 3760K, committed 3840K, reserved 1048576K
Event: 5.882 GC heap after
Heap after GC invocations=49 (full 15):
 PSYoungGen      total 20992K, used 8169K [0x00000000f5580000, 0x00000000f7680000, 0x0000000100000000)
  eden space 12800K, 0% used [0x00000000f5580000,0x00000000f5580000,0x00000000f6200000)
  from space 8192K, 99% used [0x00000000f6b80000,0x00000000f737a6b8,0x00000000f7380000)
  to   space 9728K, 0% used [0x00000000f6200000,0x00000000f6200000,0x00000000f6b80000)
 ParOldGen       total 19456K, used 3456K [0x00000000e0000000, 0x00000000e1300000, 0x00000000f5580000)
  object space 19456K, 17% used [0x00000000e0000000,0x00000000e0360080,0x00000000e1300000)
 Metaspace       used 25962K, capacity 27648K, committed 27808K, reserved 1081344K
  class space    used 3447K, capacity 3760K, committed 3840K, reserved 1048576K
}
Event: 5.883 GC heap before
{Heap before GC invocations=50 (full 16):
 PSYoungGen      total 20992K, used 8169K [0x00000000f5580000, 0x00000000f7680000, 0x0000000100000000)
  eden space 12800K, 0% used [0x00000000f5580000,0x00000000f5580000,0x00000000f6200000)
  from space 8192K, 99% used [0x00000000f6b80000,0x00000000f737a6b8,0x00000000f7380000)
  to   space 9728K, 0% used [0x00000000f6200000,0x00000000f6200000,0x00000000f6b80000)
 ParOldGen       total 19456K, used 3456K [0x00000000e0000000, 0x00000000e1300000, 0x00000000f5580000)
  object space 19456K, 17% used [0x00000000e0000000,0x00000000e0360080,0x00000000e1300000)
 Metaspace       used 25962K, capacity 27648K, committed 27808K, reserved 1081344K
  class space    used 3447K, capacity 3760K, committed 3840K, reserved 1048576K

